Initializing database with genesis state...
INFO [09-06|15:41:29.860] Maximum peer count                       ETH=25 LES=0 total=25
INFO [09-06|15:41:29.861] Allocated cache and file handles         database=/root/.ethereum/geth/chaindata cache=16 handles=16
INFO [09-06|15:41:29.911] Writing custom genesis block 
INFO [09-06|15:41:29.912] Persisted trie from memory database      nodes=1 size=146.00B time=88.39µs gcnodes=0 gcsize=0.00B gctime=0s livenodes=1 livesize=0.00B
INFO [09-06|15:41:29.912] Successfully wrote genesis state         database=chaindata                      hash=f8f013…fe217f
INFO [09-06|15:41:29.912] Allocated cache and file handles         database=/root/.ethereum/geth/lightchaindata cache=16 handles=16
INFO [09-06|15:41:29.973] Writing custom genesis block 
INFO [09-06|15:41:29.973] Persisted trie from memory database      nodes=1 size=146.00B time=48.626µs gcnodes=0 gcsize=0.00B gctime=0s livenodes=1 livesize=0.00B
INFO [09-06|15:41:29.974] Successfully wrote genesis state         database=lightchaindata                      hash=f8f013…fe217f
Loading initial blockchain...
Loading remaining individual blocks...
INFO [09-06|15:41:30.018] Maximum peer count                       ETH=25 LES=0 total=25
INFO [09-06|15:41:30.019] Allocated cache and file handles         database=/root/.ethereum/geth/chaindata cache=768 handles=1024
INFO [09-06|15:41:30.071] Disk storage enabled for ethash caches   dir=/root/.ethereum/geth/ethash count=3
INFO [09-06|15:41:30.071] Disk storage enabled for ethash DAGs     dir=/root/.ethash               count=2
INFO [09-06|15:41:30.071] Loaded most recent local header          number=0 hash=f8f013…fe217f td=131072
INFO [09-06|15:41:30.072] Loaded most recent local full block      number=0 hash=f8f013…fe217f td=131072
INFO [09-06|15:41:30.072] Loaded most recent local fast block      number=0 hash=f8f013…fe217f td=131072
INFO [09-06|15:41:30.072] Importing blockchain                     file=0000.rlp
INFO [09-06|15:41:30.159] Imported new chain segment               blocks=1 txs=1 mgas=0.493 elapsed=86.705ms mgasps=5.688 number=1 hash=10aaf1…96e9f9 cache=0.00B
INFO [09-06|15:41:30.159] Importing blockchain                     file=0001.rlp
INFO [09-06|15:41:30.165] Imported new chain segment               blocks=1 txs=1 mgas=0.021 elapsed=6.255ms  mgasps=3.435 number=2 hash=0e29f4…e09942 cache=0.00B
INFO [09-06|15:41:30.166] Importing blockchain                     file=0002.rlp
INFO [09-06|15:41:30.170] Imported new chain segment               blocks=1 txs=1 mgas=0.022 elapsed=4.209ms  mgasps=5.146 number=3 hash=3d813a…424812 cache=0.00B
INFO [09-06|15:41:30.170] Importing blockchain                     file=0003.rlp
INFO [09-06|15:41:30.181] Imported new chain segment               blocks=1 txs=1 mgas=0.022 elapsed=11.268ms mgasps=1.916 number=4 hash=4e9a67…7358de cache=0.00B
INFO [09-06|15:41:30.182] Importing blockchain                     file=0004.rlp
INFO [09-06|15:41:30.189] Imported new chain segment               blocks=1 txs=1 mgas=0.022 elapsed=6.923ms  mgasps=3.166 number=5 hash=609427…70eef9 cache=0.00B
INFO [09-06|15:41:30.189] Importing blockchain                     file=0005.rlp
INFO [09-06|15:41:30.195] Imported new chain segment               blocks=1 txs=1 mgas=0.022 elapsed=6.117ms  mgasps=3.540 number=6 hash=666c5e…410751 cache=0.00B
INFO [09-06|15:41:30.195] Importing blockchain                     file=0006.rlp
INFO [09-06|15:41:30.202] Imported new chain segment               blocks=1 txs=1 mgas=0.022 elapsed=6.256ms  mgasps=3.453 number=7 hash=4997e4…d24e36 cache=0.00B
INFO [09-06|15:41:30.202] Importing blockchain                     file=0007.rlp
INFO [09-06|15:41:30.208] Imported new chain segment               blocks=1 txs=1 mgas=0.022 elapsed=5.770ms  mgasps=3.730 number=8 hash=45f611…937374 cache=0.00B
INFO [09-06|15:41:30.208] Importing blockchain                     file=0008.rlp
INFO [09-06|15:41:30.216] Imported new chain segment               blocks=1 txs=1 mgas=0.042 elapsed=7.195ms  mgasps=5.798 number=9 hash=0362d0…738e39 cache=0.00B
INFO [09-06|15:41:30.216] Importing blockchain                     file=0009.rlp
INFO [09-06|15:41:30.222] Imported new chain segment               blocks=1 txs=1 mgas=0.027 elapsed=5.730ms  mgasps=4.663 number=10 hash=c37f28…ad18c0 cache=0.00B
INFO [09-06|15:41:30.222] Importing blockchain                     file=0010.rlp
INFO [09-06|15:41:30.229] Imported new chain segment               blocks=1 txs=1 mgas=0.029 elapsed=6.534ms  mgasps=4.427 number=11 hash=595973…2b1650 cache=0.00B
INFO [09-06|15:41:30.229] Importing blockchain                     file=0011.rlp
INFO [09-06|15:41:30.236] Imported new chain segment               blocks=1 txs=1 mgas=0.027 elapsed=6.524ms  mgasps=4.094 number=12 hash=2c18d0…ddaa05 cache=0.00B
INFO [09-06|15:41:30.236] Importing blockchain                     file=0012.rlp
INFO [09-06|15:41:30.243] Imported new chain segment               blocks=1 txs=1 mgas=0.044 elapsed=5.936ms  mgasps=7.387 number=13 hash=c3b22a…0abd5c cache=0.00B
INFO [09-06|15:41:30.243] Importing blockchain                     file=0013.rlp
INFO [09-06|15:41:30.249] Imported new chain segment               blocks=1 txs=1 mgas=0.044 elapsed=6.652ms  mgasps=6.605 number=14 hash=dc0db8…ee4d77 cache=0.00B
INFO [09-06|15:41:30.250] Importing blockchain                     file=0014.rlp
INFO [09-06|15:41:30.254] Imported new chain segment               blocks=1 txs=1 mgas=0.044 elapsed=4.418ms  mgasps=9.957 number=15 hash=9dcd5e…36e7ea cache=0.00B
INFO [09-06|15:41:30.254] Importing blockchain                     file=0015.rlp
INFO [09-06|15:41:30.259] Imported new chain segment               blocks=1 txs=1 mgas=0.044 elapsed=4.242ms  mgasps=10.353 number=16 hash=1878c6…a38f0c cache=0.00B
INFO [09-06|15:41:30.259] Importing blockchain                     file=0016.rlp
INFO [09-06|15:41:30.264] Imported new chain segment               blocks=1 txs=1 mgas=0.022 elapsed=5.499ms  mgasps=3.939  number=17 hash=fa2ccd…30c9f7 cache=0.00B
INFO [09-06|15:41:30.265] Importing blockchain                     file=0017.rlp
INFO [09-06|15:41:30.273] Imported new chain segment               blocks=1 txs=1 mgas=0.022 elapsed=7.805ms  mgasps=2.766  number=18 hash=16dd36…de55a3 cache=0.00B
INFO [09-06|15:41:30.273] Importing blockchain                     file=0018.rlp
INFO [09-06|15:41:30.279] Imported new chain segment               blocks=1 txs=1 mgas=0.022 elapsed=6.245ms  mgasps=3.510  number=19 hash=432cb1…cfc6ed cache=0.00B
INFO [09-06|15:41:30.279] Importing blockchain                     file=0019.rlp
INFO [09-06|15:41:30.285] Imported new chain segment               blocks=1 txs=1 mgas=0.022 elapsed=5.394ms  mgasps=4.014  number=20 hash=664088…9045f2 cache=0.00B
INFO [09-06|15:41:30.285] Importing blockchain                     file=0020.rlp
INFO [09-06|15:41:30.290] Imported new chain segment               blocks=1 txs=1 mgas=0.022 elapsed=4.686ms  mgasps=4.610  number=21 hash=bfbcc1…e63d36 cache=0.00B
INFO [09-06|15:41:30.291] Importing blockchain                     file=0021.rlp
INFO [09-06|15:41:30.298] Imported new chain segment               blocks=1 txs=1 mgas=0.022 elapsed=6.901ms  mgasps=3.119  number=22 hash=a2a75c…59fd68 cache=0.00B
INFO [09-06|15:41:30.298] Importing blockchain                     file=0022.rlp
INFO [09-06|15:41:30.303] Imported new chain segment               blocks=1 txs=1 mgas=0.023 elapsed=4.918ms  mgasps=4.590  number=23 hash=3c419f…c8ec2d cache=0.00B
INFO [09-06|15:41:30.304] Importing blockchain                     file=0023.rlp
INFO [09-06|15:41:30.310] Imported new chain segment               blocks=1 txs=1 mgas=0.022 elapsed=6.624ms  mgasps=3.370  number=24 hash=1b0e20…c32113 cache=0.00B
INFO [09-06|15:41:30.311] Importing blockchain                     file=0024.rlp
INFO [09-06|15:41:30.317] Imported new chain segment               blocks=1 txs=1 mgas=0.023 elapsed=5.704ms  mgasps=4.051  number=25 hash=b73cee…04b9cb cache=0.00B
INFO [09-06|15:41:30.317] Importing blockchain                     file=0025.rlp
INFO [09-06|15:41:30.322] Imported new chain segment               blocks=1 txs=1 mgas=0.023 elapsed=4.712ms  mgasps=4.781  number=26 hash=cf6322…eb6296 cache=0.00B
INFO [09-06|15:41:30.322] Importing blockchain                     file=0026.rlp
INFO [09-06|15:41:30.329] Imported new chain segment               blocks=1 txs=1 mgas=0.023 elapsed=6.310ms  mgasps=3.570  number=27 hash=8807dc…317c04 cache=0.00B
INFO [09-06|15:41:30.329] Importing blockchain                     file=0027.rlp
INFO [09-06|15:41:30.335] Imported new chain segment               blocks=1 txs=1 mgas=0.023 elapsed=5.917ms  mgasps=3.808  number=28 hash=0586b6…dfe376 cache=0.00B
INFO [09-06|15:41:30.335] Importing blockchain                     file=0028.rlp
INFO [09-06|15:41:30.340] Imported new chain segment               blocks=1 txs=1 mgas=0.023 elapsed=4.863ms  mgasps=4.757  number=27 hash=7d5e45…3ca466 cache=0.00B
INFO [09-06|15:41:30.340] Importing blockchain                     file=0029.rlp
INFO [09-06|15:41:30.348] Imported new chain segment               blocks=1 txs=1 mgas=0.023 elapsed=7.839ms  mgasps=2.934  number=28 hash=3af4d6…9f1fb9 cache=0.00B
INFO [09-06|15:41:30.349] Importing blockchain                     file=0030.rlp
INFO [09-06|15:41:30.353] Imported new chain segment               blocks=1 txs=1 mgas=0.024 elapsed=4.559ms  mgasps=5.247  number=29 hash=f8cfa3…930803 cache=0.00B
INFO [09-06|15:41:30.353] Importing blockchain                     file=0031.rlp
INFO [09-06|15:41:30.361] Imported new chain segment               blocks=1 txs=1 mgas=0.024 elapsed=7.422ms  mgasps=3.178  number=30 hash=c8df1f…d95ba6 cache=0.00B
INFO [09-06|15:41:30.361] Importing blockchain                     file=0032.rlp
INFO [09-06|15:41:30.369] Imported new chain segment               blocks=1 txs=1 mgas=0.024 elapsed=7.398ms  mgasps=3.285  number=31 hash=0f7650…01dc49 cache=0.00B
INFO [09-06|15:41:30.369] Importing blockchain                     file=0033.rlp
INFO [09-06|15:41:30.374] Imported new chain segment               blocks=1 txs=1 mgas=0.024 elapsed=4.695ms  mgasps=5.048  number=32 hash=71d598…b68e53 cache=0.00B
INFO [09-06|15:41:30.374] Blockchain manager stopped 
INFO [09-06|15:41:30.374] Database closed                          database=/root/.ethereum/geth/chaindata
Import done in 302.293496ms.

Compactions
 Level |   Tables   |    Size(MB)   |    Time(sec)  |    Read(MB)   |   Write(MB)
-------+------------+---------------+---------------+---------------+---------------
   0   |          1 |       0.00076 |       0.00000 |       0.00000 |       0.00000

Read(MB):0.00225 Write(MB):0.09031
Trie cache misses:  0
Trie cache unloads: 0

Object memory: 199.951 MB current, 194.228 MB peak
System memory: 405.444 MB current, 405.194 MB peak
Allocations:   0.076 million
GC pause:      137.016µs

Running go-ethereum...
INFO [09-06|15:41:30.423] Maximum peer count                       ETH=25 LES=0 total=25
INFO [09-06|15:41:30.423] Starting peer-to-peer node               instance=Geth/v1.8.16-unstable-580145e9/linux-amd64/go1.10.1
INFO [09-06|15:41:30.423] Allocated cache and file handles         database=/root/.ethereum/geth/chaindata cache=768 handles=1024
INFO [09-06|15:41:30.505] Initialised chain configuration          config="{ChainID: <nil> Homestead: 1150000 DAO: <nil> DAOSupport: false EIP150: 20000 EIP155: 20000 EIP158: 20000 Byzantium: <nil> Constantinople: <nil> Engine: unknown}"
INFO [09-06|15:41:30.505] Disk storage enabled for ethash caches   dir=/root/.ethereum/geth/ethash count=3
INFO [09-06|15:41:30.505] Disk storage enabled for ethash DAGs     dir=/root/.ethash               count=2
INFO [09-06|15:41:30.505] Initialising Ethereum protocol           versions="[63 62]" network=1
INFO [09-06|15:41:30.505] Loaded most recent local header          number=32 hash=71d598…b68e53 td=4357120
INFO [09-06|15:41:30.505] Loaded most recent local full block      number=32 hash=71d598…b68e53 td=4357120
INFO [09-06|15:41:30.505] Loaded most recent local fast block      number=32 hash=71d598…b68e53 td=4357120
INFO [09-06|15:41:30.505] Regenerated local transaction journal    transactions=0 accounts=0
WARN [09-06|15:41:30.505] Blockchain not empty, fast sync disabled 
INFO [09-06|15:41:30.506] Starting P2P networking 
INFO [09-06|15:41:30.507] RLPx listener up                         self="enode://205f4ac733256c718bc1fee647d620dbaa4cfa53494842b2da2e6c96abc517c2273d2d69f00487c33bdfd06cf1003bc1add370a427b6b4ba33fc8723677752b5@[::]:30303?discport=0"
INFO [09-06|15:41:30.509] IPC endpoint opened                      url=/root/.ethereum/geth.ipc
INFO [09-06|15:41:30.510] HTTP endpoint opened                     url=http://0.0.0.0:8545      cors= vhosts=localhost
INFO [09-06|15:41:30.510] WebSocket endpoint opened                url=ws://[::]:8546
